Start testing: Dec 10 02:45 Фінляндія (зима)
----------------------------------------------------------
1/1 Testing: unit_tests
1/1 Test: unit_tests
Command: "C:/Users/User/Desktop/APKS/csad2526KI407PatryloYuriiAndriyovych20/build/unit_tests.exe"
Directory: C:/Users/User/Desktop/APKS/csad2526KI407PatryloYuriiAndriyovych20/build
"unit_tests" start time: Dec 10 02:45 Фінляндія (зима)
Output:
----------------------------------------------------------
[==========] Running 4 tests from 1 test suite.
[----------] Global test environment set-up.
[----------] 4 tests from AdditionTest
[ RUN      ] AdditionTest.PositiveNumbers
[       OK ] AdditionTest.PositiveNumbers (0 ms)
[ RUN      ] AdditionTest.NegativeNumbers
[       OK ] AdditionTest.NegativeNumbers (0 ms)
[ RUN      ] AdditionTest.ZeroAddition
[       OK ] AdditionTest.ZeroAddition (0 ms)
[ RUN      ] AdditionTest.LargeNumber
[       OK ] AdditionTest.LargeNumber (0 ms)
[----------] 4 tests from AdditionTest (0 ms total)

[----------] Global test environment tear-down
[==========] 4 tests from 1 test suite ran. (0 ms total)
[  PASSED  ] 4 tests.
<end of output>
Test time =   0.01 sec
----------------------------------------------------------
Test Passed.
"unit_tests" end time: Dec 10 02:45 Фінляндія (зима)
"unit_tests" time elapsed: 00:00:00
----------------------------------------------------------

End testing: Dec 10 02:45 Фінляндія (зима)
